[01m[K/home/creampi/ros2_ws/src/autonomous_rover/src/autonomous_node.cpp:[m[K In member function â€˜[01m[Kvoid Autopilot::publish_cmd()[m[Kâ€™:
[01m[K/home/creampi/ros2_ws/src/autonomous_rover/src/autonomous_node.cpp:73:63:[m[K [01;31m[Kerror: [m[Kexpected primary-expression before â€˜[01m[K)[m[Kâ€™ token
   73 |         else if(front < 0.30 && (front_left < front_right) || [01;31m[K)[m[K{
      |                                                               [01;31m[K^[m[K
gmake[2]: *** [CMakeFiles/autonomous_node.dir/build.make:76: CMakeFiles/autonomous_node.dir/src/autonomous_node.cpp.o] Error 1
gmake[1]: *** [CMakeFiles/Makefile2:137: CMakeFiles/autonomous_node.dir/all] Error 2
gmake: *** [Makefile:146: all] Error 2
