[35m[1mConsolidate compiler generated dependencies of target autonomous_node[0m
[ 50%] [32mBuilding CXX object CMakeFiles/autonomous_node.dir/src/autonomous_node.cpp.o[0m
[01m[K/home/creampi/ros2_ws/src/autonomous_rover/src/autonomous_node.cpp:132:2:[m[K [01;31m[Kerror: [m[Kexpected â€˜[01m[K}[m[Kâ€™ at end of input
  132 | }
      |  [01;31m[K^[m[K
[01m[K/home/creampi/ros2_ws/src/autonomous_rover/src/autonomous_node.cpp:6:39:[m[K [01;36m[Knote: [m[Kto match this â€˜[01m[K{[m[Kâ€™
    6 | class Autopilot : public rclcpp::Node [01;36m[K{[m[K
      |                                       [01;36m[K^[m[K
[01m[K/home/creampi/ros2_ws/src/autonomous_rover/src/autonomous_node.cpp:[m[K In constructor â€˜[01m[KAutopilot::Autopilot()[m[Kâ€™:
[01m[K/home/creampi/ros2_ws/src/autonomous_rover/src/autonomous_node.cpp:9:9:[m[K [01;31m[Kerror: [m[Kâ€˜[01m[Kpub_[m[Kâ€™ was not declared in this scope
    9 |         [01;31m[Kpub_[m[K = this->create_publisher<geometry_msgs::msg::Twist>(
      |         [01;31m[K^~~~[m[K
[01m[K/home/creampi/ros2_ws/src/autonomous_rover/src/autonomous_node.cpp:12:9:[m[K [01;31m[Kerror: [m[Kâ€˜[01m[Ksub_[m[Kâ€™ was not declared in this scope
   12 |         [01;31m[Ksub_[m[K = this->create_subscription<sensor_msgs::msg::LaserScan>(
      |         [01;31m[K^~~~[m[K
[01m[K/home/creampi/ros2_ws/src/autonomous_rover/src/autonomous_node.cpp:15:9:[m[K [01;31m[Kerror: [m[Kâ€˜[01m[Ktimer_[m[Kâ€™ was not declared in this scope; did you mean â€˜[01m[Ktimer_t[m[Kâ€™?
   15 |         [01;31m[Ktimer_[m[K = this->create_wall_timer(
      |         [01;31m[K^~~~~~[m[K
      |         [32m[Ktimer_t[m[K
[01m[K/home/creampi/ros2_ws/src/autonomous_rover/src/autonomous_node.cpp:[m[K In member function â€˜[01m[Kvoid Autopilot::publish_cmd()[m[Kâ€™:
[01m[K/home/creampi/ros2_ws/src/autonomous_rover/src/autonomous_node.cpp:104:5:[m[K [01;31m[Kerror: [m[Kexpected â€˜[01m[K}[m[Kâ€™ before â€˜[01m[Kelse[m[Kâ€™
  104 |     [01;31m[Kelse[m[K
      |     [01;31m[K^~~~[m[K
[01m[K/home/creampi/ros2_ws/src/autonomous_rover/src/autonomous_node.cpp:79:5:[m[K [01;36m[Knote: [m[Kto match this â€˜[01m[K{[m[Kâ€™
   79 |     [01;36m[K{[m[K
      |     [01;36m[K^[m[K
[01m[K/home/creampi/ros2_ws/src/autonomous_rover/src/autonomous_node.cpp:117:5:[m[K [01;31m[Kerror: [m[Kâ€˜[01m[Kpub_[m[Kâ€™ was not declared in this scope
  117 |     [01;31m[Kpub_[m[K->publish(msg);
      |     [01;31m[K^~~~[m[K
[01m[K/home/creampi/ros2_ws/src/autonomous_rover/src/autonomous_node.cpp:71:17:[m[K [01;35m[Kwarning: [m[Kunused variable â€˜[01m[Kdiagonal_limit[m[Kâ€™ [[01;35m[K]8;;https://gcc.gnu.org/onlinedocs/gcc/Warning-Options.html#index-Wunused-variable-Wunused-variable]8;;[m[K]
   71 |     const float [01;35m[Kdiagonal_limit[m[K = 0.35;
      |                 [01;35m[K^~~~~~~~~~~~~~[m[K
[01m[K/home/creampi/ros2_ws/src/autonomous_rover/src/autonomous_node.cpp:[m[K At global scope:
[01m[K/home/creampi/ros2_ws/src/autonomous_rover/src/autonomous_node.cpp:132:2:[m[K [01;31m[Kerror: [m[Kexpected unqualified-id at end of input
  132 | }
      |  [01;31m[K^[m[K
gmake[2]: *** [CMakeFiles/autonomous_node.dir/build.make:76: CMakeFiles/autonomous_node.dir/src/autonomous_node.cpp.o] Error 1
gmake[1]: *** [CMakeFiles/Makefile2:137: CMakeFiles/autonomous_node.dir/all] Error 2
gmake: *** [Makefile:146: all] Error 2
