[0.092s] Invoking command in '/home/creampi/ros2_ws/build/autonomous_rover': CMAKE_PREFIX_PATH=/home/creampi/ros2_ws/install/sensehat_cpp:/home/creampi/ros2_ws/install/ros2_system_monitor:/home/creampi/ros2_ws/install/ldlidar_stl_ros2:/home/creampi/ros2_ws/install/temperature_tracker:/home/creampi/ros2_ws/install/sensehat_ros:/home/creampi/ros2_ws/install/rover_driver:/home/creampi/ros2_ws/install/arduino_bridge:/home/creampi/ros2_ws/src/install/temperature_tracker:/home/creampi/ros2_ws/src/install/sensehat_ros:/home/creampi/ros2_ws/src/install/rover_driver:/home/creampi/ros2_ws/src/install/arduino_bridge:/opt/ros/humble:/home/creampi/ros2_ws/install/carto_localization:/home/creampi/ros2_ws/install/autonomous_rover:/home/creampi/ros2_ws/src/install/sensehat_cpp:/home/creampi/ros2_ws/src/install/ros2_system_monitor:/home/creampi/ros2_ws/src/install/ldlidar_stl_ros2:/home/creampi/ros2_ws/src/install/carto_localization:/home/creampi/ros2_ws/src/install/autonomous_rover /usr/bin/cmake --build /home/creampi/ros2_ws/build/autonomous_rover -- -j4 -l4
[0.327s] [35m[1mConsolidate compiler generated dependencies of target autonomous_node[0m
[0.455s] [ 50%] [32mBuilding CXX object CMakeFiles/autonomous_node.dir/src/autonomous_node.cpp.o[0m
[12.820s] [01m[K/home/creampi/ros2_ws/src/autonomous_rover/src/autonomous_node.cpp:132:2:[m[K [01;31m[Kerror: [m[Kexpected â€˜[01m[K}[m[Kâ€™ at end of input
[12.823s]   132 | }
[12.826s]       |  [01;31m[K^[m[K
[12.830s] [01m[K/home/creampi/ros2_ws/src/autonomous_rover/src/autonomous_node.cpp:6:39:[m[K [01;36m[Knote: [m[Kto match this â€˜[01m[K{[m[Kâ€™
[12.833s]     6 | class Autopilot : public rclcpp::Node [01;36m[K{[m[K
[12.836s]       |                                       [01;36m[K^[m[K
[12.844s] [01m[K/home/creampi/ros2_ws/src/autonomous_rover/src/autonomous_node.cpp:[m[K In constructor â€˜[01m[KAutopilot::Autopilot()[m[Kâ€™:
[12.845s] [01m[K/home/creampi/ros2_ws/src/autonomous_rover/src/autonomous_node.cpp:9:9:[m[K [01;31m[Kerror: [m[Kâ€˜[01m[Kpub_[m[Kâ€™ was not declared in this scope
[12.858s]     9 |         [01;31m[Kpub_[m[K = this->create_publisher<geometry_msgs::msg::Twist>(
[12.859s]       |         [01;31m[K^~~~[m[K
[12.893s] [01m[K/home/creampi/ros2_ws/src/autonomous_rover/src/autonomous_node.cpp:12:9:[m[K [01;31m[Kerror: [m[Kâ€˜[01m[Ksub_[m[Kâ€™ was not declared in this scope
[12.893s]    12 |         [01;31m[Ksub_[m[K = this->create_subscription<sensor_msgs::msg::LaserScan>(
[12.894s]       |         [01;31m[K^~~~[m[K
[13.152s] [01m[K/home/creampi/ros2_ws/src/autonomous_rover/src/autonomous_node.cpp:15:9:[m[K [01;31m[Kerror: [m[Kâ€˜[01m[Ktimer_[m[Kâ€™ was not declared in this scope; did you mean â€˜[01m[Ktimer_t[m[Kâ€™?
[13.152s]    15 |         [01;31m[Ktimer_[m[K = this->create_wall_timer(
[13.153s]       |         [01;31m[K^~~~~~[m[K
[13.154s]       |         [32m[Ktimer_t[m[K
[13.213s] [01m[K/home/creampi/ros2_ws/src/autonomous_rover/src/autonomous_node.cpp:[m[K In member function â€˜[01m[Kvoid Autopilot::publish_cmd()[m[Kâ€™:
[13.214s] [01m[K/home/creampi/ros2_ws/src/autonomous_rover/src/autonomous_node.cpp:104:5:[m[K [01;31m[Kerror: [m[Kexpected â€˜[01m[K}[m[Kâ€™ before â€˜[01m[Kelse[m[Kâ€™
[13.215s]   104 |     [01;31m[Kelse[m[K
[13.216s]       |     [01;31m[K^~~~[m[K
[13.217s] [01m[K/home/creampi/ros2_ws/src/autonomous_rover/src/autonomous_node.cpp:79:5:[m[K [01;36m[Knote: [m[Kto match this â€˜[01m[K{[m[Kâ€™
[13.218s]    79 |     [01;36m[K{[m[K
[13.219s]       |     [01;36m[K^[m[K
[13.239s] [01m[K/home/creampi/ros2_ws/src/autonomous_rover/src/autonomous_node.cpp:117:5:[m[K [01;31m[Kerror: [m[Kâ€˜[01m[Kpub_[m[Kâ€™ was not declared in this scope
[13.244s]   117 |     [01;31m[Kpub_[m[K->publish(msg);
[13.244s]       |     [01;31m[K^~~~[m[K
[13.246s] [01m[K/home/creampi/ros2_ws/src/autonomous_rover/src/autonomous_node.cpp:71:17:[m[K [01;35m[Kwarning: [m[Kunused variable â€˜[01m[Kdiagonal_limit[m[Kâ€™ [[01;35m[K]8;;https://gcc.gnu.org/onlinedocs/gcc/Warning-Options.html#index-Wunused-variable-Wunused-variable]8;;[m[K]
[13.252s]    71 |     const float [01;35m[Kdiagonal_limit[m[K = 0.35;
[13.256s]       |                 [01;35m[K^~~~~~~~~~~~~~[m[K
[13.261s] [01m[K/home/creampi/ros2_ws/src/autonomous_rover/src/autonomous_node.cpp:[m[K At global scope:
[13.263s] [01m[K/home/creampi/ros2_ws/src/autonomous_rover/src/autonomous_node.cpp:132:2:[m[K [01;31m[Kerror: [m[Kexpected unqualified-id at end of input
[13.266s]   132 | }
[13.269s]       |  [01;31m[K^[m[K
[23.706s] gmake[2]: *** [CMakeFiles/autonomous_node.dir/build.make:76: CMakeFiles/autonomous_node.dir/src/autonomous_node.cpp.o] Error 1
[23.707s] gmake[1]: *** [CMakeFiles/Makefile2:137: CMakeFiles/autonomous_node.dir/all] Error 2
[23.708s] gmake: *** [Makefile:146: all] Error 2
[23.716s] Invoked command in '/home/creampi/ros2_ws/build/autonomous_rover' returned '2': CMAKE_PREFIX_PATH=/home/creampi/ros2_ws/install/sensehat_cpp:/home/creampi/ros2_ws/install/ros2_system_monitor:/home/creampi/ros2_ws/install/ldlidar_stl_ros2:/home/creampi/ros2_ws/install/temperature_tracker:/home/creampi/ros2_ws/install/sensehat_ros:/home/creampi/ros2_ws/install/rover_driver:/home/creampi/ros2_ws/install/arduino_bridge:/home/creampi/ros2_ws/src/install/temperature_tracker:/home/creampi/ros2_ws/src/install/sensehat_ros:/home/creampi/ros2_ws/src/install/rover_driver:/home/creampi/ros2_ws/src/install/arduino_bridge:/opt/ros/humble:/home/creampi/ros2_ws/install/carto_localization:/home/creampi/ros2_ws/install/autonomous_rover:/home/creampi/ros2_ws/src/install/sensehat_cpp:/home/creampi/ros2_ws/src/install/ros2_system_monitor:/home/creampi/ros2_ws/src/install/ldlidar_stl_ros2:/home/creampi/ros2_ws/src/install/carto_localization:/home/creampi/ros2_ws/src/install/autonomous_rover /usr/bin/cmake --build /home/creampi/ros2_ws/build/autonomous_rover -- -j4 -l4
